build/outputs/logs/manifest-merger-debug-report.txt
-- Merging decision tree log ---
manifest
ADDED from workspace\ST_Forensics\AndroidManifest.xml:2:1-70:12
	package
		ADDED from workspace\ST_Forensics\AndroidManifest.xml:3:5-39
	android:versionName
		ADDED from workspace\ST_Forensics\AndroidManifest.xml:5:5-30
		INJECTED from workspace\ST_Forensics\AndroidManifest.xml
		INJECTED from workspace\ST_Forensics\AndroidManifest.xml
	android:versionCode
		ADDED from workspace\ST_Forensics\AndroidManifest.xml:4:5-28
		INJECTED from workspace\ST_Forensics\AndroidManifest.xml
		INJECTED from workspace\ST_Forensics\AndroidManifest.xml
	xmlns:android
		ADDED from workspace\ST_Forensics\AndroidManifest.xml:2:11-69
uses-sdk
ADDED from workspace\ST_Forensics\AndroidManifest.xml:7:5-9:40
	android:targetSdkVersion
		ADDED from workspace\ST_Forensics\AndroidManifest.xml:9:9-38
	android:minSdkVersion
		ADDED from workspace\ST_Forensics\AndroidManifest.xml:8:9-35
uses-permission#android.permission.WAKE_LOCK
ADDED from workspace\ST_Forensics\AndroidManifest.xml:10:5-68
	android:name
		ADDED from workspace\ST_Forensics\AndroidManifest.xml:10:22-65
uses-permission#android.permission.READ_PHONE_STATE
ADDED from workspace\ST_Forensics\AndroidManifest.xml:11:5-75
	android:name
		ADDED from workspace\ST_Forensics\AndroidManifest.xml:11:22-72
uses-permission#android.permission.RECEIVE_BOOT_COMPLETED
ADDED from workspace\ST_Forensics\AndroidManifest.xml:12:5-81
	android:name
		ADDED from workspace\ST_Forensics\AndroidManifest.xml:12:22-78
uses-permission#android.permission.SYSTEM_ALERT_WINDOW
ADDED from workspace\ST_Forensics\AndroidManifest.xml:13:5-78
	android:name
		ADDED from workspace\ST_Forensics\AndroidManifest.xml:13:22-75
uses-permission#android.permission.RECORD_VIDEO
ADDED from workspace\ST_Forensics\AndroidManifest.xml:14:5-71
	android:name
		ADDED from workspace\ST_Forensics\AndroidManifest.xml:14:22-68
uses-permission#android.permission.RECORD_AUDIO
ADDED from workspace\ST_Forensics\AndroidManifest.xml:15:5-71
	android:name
		ADDED from workspace\ST_Forensics\AndroidManifest.xml:15:22-68
uses-permission#android.permission.MODIFY_AUDIO_SETTINGS
ADDED from workspace\ST_Forensics\AndroidManifest.xml:16:5-80
	android:name
		ADDED from workspace\ST_Forensics\AndroidManifest.xml:16:22-77
uses-permission#android.permission.CAMERA
ADDED from workspace\ST_Forensics\AndroidManifest.xml:17:5-65
	android:name
		ADDED from workspace\ST_Forensics\AndroidManifest.xml:17:22-62
uses-permission#android.permission.MOUNT_UNMOUNT_FILESYSTEMS
ADDED from workspace\ST_Forensics\AndroidManifest.xml:18:5-84
	android:name
		ADDED from workspace\ST_Forensics\AndroidManifest.xml:18:22-81
uses-permission#android.permission.WRITE_EXTERNAL_STORAGE
ADDED from workspace\ST_Forensics\AndroidManifest.xml:19:5-81
	android:name
		ADDED from workspace\ST_Forensics\AndroidManifest.xml:19:22-78
uses-permission#android.permission.DISABLE_KEYGUARD
ADDED from workspace\ST_Forensics\AndroidManifest.xml:20:5-75
	android:name
		ADDED from workspace\ST_Forensics\AndroidManifest.xml:20:22-72
uses-permission#android.permission.VIBRATE
ADDED from workspace\ST_Forensics\AndroidManifest.xml:21:5-66
	android:name
		ADDED from workspace\ST_Forensics\AndroidManifest.xml:21:22-63
uses-permission#android.permission.WRITE_SETTINGS
ADDED from workspace\ST_Forensics\AndroidManifest.xml:22:5-73
	android:name
		ADDED from workspace\ST_Forensics\AndroidManifest.xml:22:22-70
uses-permission#android.permission.RECEIVE_SMS
ADDED from workspace\ST_Forensics\AndroidManifest.xml:23:5-70
	android:name
		ADDED from workspace\ST_Forensics\AndroidManifest.xml:23:22-67
uses-permission#android.permission.ACCESS_WIFI_STATE
ADDED from workspace\ST_Forensics\AndroidManifest.xml:24:5-75
	android:name
		ADDED from workspace\ST_Forensics\AndroidManifest.xml:24:22-73
uses-permission#android.permission.ACCESS_NETWORK_STATE
ADDED from workspace\ST_Forensics\AndroidManifest.xml:25:5-78
	android:name
		ADDED from workspace\ST_Forensics\AndroidManifest.xml:25:22-76
uses-permission#android.permission.READ_SMS
ADDED from workspace\ST_Forensics\AndroidManifest.xml:26:5-67
	android:name
		ADDED from workspace\ST_Forensics\AndroidManifest.xml:26:22-64
uses-permission#android.permission.WRITE_SMS
ADDED from workspace\ST_Forensics\AndroidManifest.xml:27:5-68
	android:name
		ADDED from workspace\ST_Forensics\AndroidManifest.xml:27:22-65
uses-permission#android.permission.INTERNET
ADDED from workspace\ST_Forensics\AndroidManifest.xml:28:5-67
	android:name
		ADDED from workspace\ST_Forensics\AndroidManifest.xml:28:22-64
application
ADDED from workspace\ST_Forensics\AndroidManifest.xml:30:5-68:19
	android:label
		ADDED from workspace\ST_Forensics\AndroidManifest.xml:33:9-41
	android:allowBackup
		ADDED from workspace\ST_Forensics\AndroidManifest.xml:31:9-35
	android:icon
		ADDED from workspace\ST_Forensics\AndroidManifest.xml:32:9-44
	android:theme
		ADDED from workspace\ST_Forensics\AndroidManifest.xml:34:9-40
activity#com.saiteng.st_forensics.MainActivity
ADDED from workspace\ST_Forensics\AndroidManifest.xml:35:9-43:20
	android:label
		ADDED from workspace\ST_Forensics\AndroidManifest.xml:37:13-45
	android:name
		ADDED from workspace\ST_Forensics\AndroidManifest.xml:36:13-41
intent-filter#android.intent.action.MAIN+android.intent.category.LAUNCHER
ADDED from workspace\ST_Forensics\AndroidManifest.xml:38:13-42:29
action#android.intent.action.MAIN
ADDED from workspace\ST_Forensics\AndroidManifest.xml:39:17-69
	android:name
		ADDED from workspace\ST_Forensics\AndroidManifest.xml:39:25-66
category#android.intent.category.LAUNCHER
ADDED from workspace\ST_Forensics\AndroidManifest.xml:41:17-77
	android:name
		ADDED from workspace\ST_Forensics\AndroidManifest.xml:41:27-74
activity#com.saiteng.st_forensics.RecordFile
ADDED from workspace\ST_Forensics\AndroidManifest.xml:44:9-48:20
	android:label
		ADDED from workspace\ST_Forensics\AndroidManifest.xml:46:13-46
	android:name
		ADDED from workspace\ST_Forensics\AndroidManifest.xml:45:13-39
activity#com.saiteng.st_forensics.ChangePassWord
ADDED from workspace\ST_Forensics\AndroidManifest.xml:49:9-53:20
	android:label
		ADDED from workspace\ST_Forensics\AndroidManifest.xml:51:13-46
	android:name
		ADDED from workspace\ST_Forensics\AndroidManifest.xml:50:13-43
service#com.saiteng.st_forensice.service.VideoService
ADDED from workspace\ST_Forensics\AndroidManifest.xml:62:9-67:19
	android:name
		ADDED from workspace\ST_Forensics\AndroidManifest.xml:63:13-73